<?xml version="1.0" encoding="UTF-8"?>
<!-- Generated by org.testng.reporters.JUnitReportReporter -->
<testsuite skipped="0" hostname="IN-IT1113" name="com.qa.AmazonTestCases.AmazonHomePageAfterSignInTest" tests="1" failures="0" timestamp="29 Apr 2019 08:30:20 GMT" time="1.194" errors="0">
  <testcase name="clickOnShopByCategoryOption" time="1.194" classname="com.qa.AmazonTestCases.AmazonHomePageAfterSignInTest"/>
</testsuite> <!-- com.qa.AmazonTestCases.AmazonHomePageAfterSignInTest -->
