<?xml version="1.0" encoding="UTF-8"?>
<!-- Generated by org.testng.reporters.JUnitReportReporter -->
<testsuite skipped="0" hostname="IN-IT1113" name="com.qa.AmazonTestCases.ProductTest" tests="2" failures="0" timestamp="29 Apr 2019 08:32:19 GMT" time="32.884" errors="0">
  <testcase name="clickOnGivenTextOnSearchBox" time="32.024" classname="com.qa.AmazonTestCases.ProductTest"/>
  <testcase name="printText" time="0.860" classname="com.qa.AmazonTestCases.ProductTest"/>
</testsuite> <!-- com.qa.AmazonTestCases.ProductTest -->
